<?xml version="1.0" encoding="UTF-8"?>
<testsuite name="en.stqa.pft.sandbox.PointTests" tests="1" skipped="0" failures="0" errors="0" timestamp="2021-05-18T14:28:13" hostname="10C00254.local" time="0.005">
  <properties/>
  <testcase name="testDistance" classname="en.stqa.pft.sandbox.PointTests" time="0.005"/>
  <system-out><![CDATA[]]></system-out>
  <system-err><![CDATA[]]></system-err>
</testsuite>
