<?xml version="1.0" encoding="UTF-8"?>
<testsuite name="en.stqa.pft.addressbook.GroupCreationTest" tests="1" skipped="0" failures="0" errors="0" timestamp="2021-05-28T13:45:16" hostname="10C00254.local" time="1.11">
  <properties/>
  <testcase name="testGroupCreation" classname="en.stqa.pft.addressbook.GroupCreationTest" time="1.11"/>
  <system-out><![CDATA[]]></system-out>
  <system-err><![CDATA[SLF4J: Failed to load class "org.slf4j.impl.StaticLoggerBinder".
SLF4J: Defaulting to no-operation (NOP) logger implementation
SLF4J: See http://www.slf4j.org/codes.html#StaticLoggerBinder for further details.
1622209512541	geckodriver	INFO	Listening on 127.0.0.1:25255
1622209513053	mozrunner::runner	INFO	Running command: "/Applications/Firefox.app/Contents/MacOS/firefox-bin" "--marionette" "--remote-debugging-port" "0" "-foreground" "-no-remote" "-profile" "/var/folders/7g/0bg7rp_d0k15pkfnvknzjljw0000gp/T/rust_mozprofileERhsVd"
1622209513576	Marionette	INFO	Marionette enabled
2021-05-28 15:45:14.666 firefox-bin[17130:248771] Warning: Expected min height of view: (<NSButton: 0x128de9000>) to be less than or equal to 30 but got a height of 32.000000. This error will be logged once per view in violation.
2021-05-28 15:45:14.667 firefox-bin[17130:248771] Warning: Expected min height of view: (<NSButton: 0x134694c00>) to be less than or equal to 30 but got a height of 32.000000. This error will be logged once per view in violation.
2021-05-28 15:45:14.667 firefox-bin[17130:248771] Warning: Expected min height of view: (<NSButton: 0x134692800>) to be less than or equal to 30 but got a height of 32.000000. This error will be logged once per view in violation.
2021-05-28 15:45:14.668 firefox-bin[17130:248771] Warning: Expected min height of view: (<NSButton: 0x134693800>) to be less than or equal to 30 but got a height of 32.000000. This error will be logged once per view in violation.
2021-05-28 15:45:14.668 firefox-bin[17130:248771] Warning: Expected min height of view: (<NSButton: 0x134695c00>) to be less than or equal to 30 but got a height of 32.000000. This error will be logged once per view in violation.
2021-05-28 15:45:14.669 firefox-bin[17130:248771] Warning: Expected min height of view: (<NSPopoverTouchBarItemButton: 0x134695800>) to be less than or equal to 30 but got a height of 32.000000. This error will be logged once per view in violation.
2021-05-28 15:45:14.670 firefox-bin[17130:248771] Warning: Expected min height of view: (<NSPopoverTouchBarItemButton: 0x1349ed000>) to be less than or equal to 30 but got a height of 32.000000. This error will be logged once per view in violation.
console.warn: SearchSettings: "get: No settings file exists, new profile?" (new Error("", "(unknown module)"))
DevTools listening on ws://localhost:52109/devtools/browser/3594bf4a-c6ac-1d45-9dc4-6ee5b161adc8
1622209515674	Marionette	INFO	Listening on port 52078
1622209515742	Marionette	WARN	TLS certificate errors will be ignored for this session
May 28, 2021 3:45:15 PM org.openqa.selenium.remote.ProtocolHandshake createSession
INFO: Detected dialect: W3C
1622209517443	Marionette	INFO	Stopped listening on port 52078
console.warn: services.settings: main/cfr-fxa sync interrupted by shutdown
!!! error running onStopped callback: TypeError: callback is not a function

###!!! [Parent][MessageChannel] Error: (msgtype=0x1F0011,name=PBackgroundStorage::Msg_Observe) Channel error: cannot send/recv


###!!! [Parent][MessageChannel] Error: (msgtype=0x1F0011,name=PBackgroundStorage::Msg_Observe) Channel error: cannot send/recv


###!!! [Parent][RunMessage] Error: Channel closing: too late to send/recv, messages will be lost

1622209517803	RemoteAgent	ERROR	unable to stop listener: [Exception... "Component returned failure code: 0x8000ffff (NS_ERROR_UNEXPECTED) [nsIWindowMediator.getEnumerator]"  nsresult: "0x8000ffff (NS_ERROR_UNEXPECTED)"  location: "JS frame :: chrome://remote/content/cdp/observers/TargetObserver.jsm :: stop :: line 64"  data: no] Stack trace: stop()@TargetObserver.jsm:64
unwatchForTabs()@TargetList.jsm:70
unwatchForTargets()@TargetList.jsm:37
destructor()@TargetList.jsm:109
close()@RemoteAgent.jsm:136
]]></system-err>
</testsuite>
