<?xml version="1.0" encoding="UTF-8"?>
<testsuite name="en.stqa.pft.addressbook.tests.ContactModificationTests" tests="1" skipped="0" failures="0" errors="0" timestamp="2021-06-01T17:21:18" hostname="10C00254.local" time="2.4">
  <properties/>
  <testcase name="testContactModification" classname="en.stqa.pft.addressbook.tests.ContactModificationTests" time="2.4"/>
  <system-out><![CDATA[]]></system-out>
  <system-err><![CDATA[SLF4J: Failed to load class "org.slf4j.impl.StaticLoggerBinder".
SLF4J: Defaulting to no-operation (NOP) logger implementation
SLF4J: See http://www.slf4j.org/codes.html#StaticLoggerBinder for further details.
1622568074808	geckodriver	INFO	Listening on 127.0.0.1:32278
1622568075208	mozrunner::runner	INFO	Running command: "/Applications/Firefox.app/Contents/MacOS/firefox-bin" "--marionette" "--remote-debugging-port" "0" "-foreground" "-no-remote" "-profile" "/var/folders/7g/0bg7rp_d0k15pkfnvknzjljw0000gp/T/rust_mozprofilepStpKz"
1622568075637	Marionette	INFO	Marionette enabled
2021-06-01 19:21:16.381 firefox-bin[6512:72859] Warning: Expected min height of view: (<NSButton: 0x12223a800>) to be less than or equal to 30 but got a height of 32.000000. This error will be logged once per view in violation.
2021-06-01 19:21:16.381 firefox-bin[6512:72859] Warning: Expected min height of view: (<NSButton: 0x12f56fc00>) to be less than or equal to 30 but got a height of 32.000000. This error will be logged once per view in violation.
2021-06-01 19:21:16.382 firefox-bin[6512:72859] Warning: Expected min height of view: (<NSButton: 0x12f56a400>) to be less than or equal to 30 but got a height of 32.000000. This error will be logged once per view in violation.
2021-06-01 19:21:16.383 firefox-bin[6512:72859] Warning: Expected min height of view: (<NSButton: 0x12f56c000>) to be less than or equal to 30 but got a height of 32.000000. This error will be logged once per view in violation.
2021-06-01 19:21:16.383 firefox-bin[6512:72859] Warning: Expected min height of view: (<NSButton: 0x12f56cc00>) to be less than or equal to 30 but got a height of 32.000000. This error will be logged once per view in violation.
2021-06-01 19:21:16.384 firefox-bin[6512:72859] Warning: Expected min height of view: (<NSPopoverTouchBarItemButton: 0x12f56ec00>) to be less than or equal to 30 but got a height of 32.000000. This error will be logged once per view in violation.
2021-06-01 19:21:16.385 firefox-bin[6512:72859] Warning: Expected min height of view: (<NSPopoverTouchBarItemButton: 0x12f7ae800>) to be less than or equal to 30 but got a height of 32.000000. This error will be logged once per view in violation.
console.warn: SearchSettings: "get: No settings file exists, new profile?" (new NotFoundError("Could not open the file at /var/folders/7g/0bg7rp_d0k15pkfnvknzjljw0000gp/T/rust_mozprofilepStpKz/search.json.mozlz4", (void 0)))
DevTools listening on ws://localhost:54575/devtools/browser/9d8bc75f-3d2c-844a-81a1-d3518c5530bc
1622568077525	Marionette	INFO	Listening on port 54544
1622568077578	Marionette	WARN	TLS certificate errors will be ignored for this session
Jun 01, 2021 7:21:17 PM org.openqa.selenium.remote.ProtocolHandshake createSession
INFO: Detected dialect: W3C
1622568080805	Marionette	INFO	Stopped listening on port 54544
!!! error running onStopped callback: TypeError: callback is not a function

###!!! [Parent][RunMessage] Error: Channel closing: too late to send/recv, messages will be lost

1622568081176	RemoteAgent	ERROR	unable to stop listener: [Exception... "Component returned failure code: 0x8000ffff (NS_ERROR_UNEXPECTED) [nsIWindowMediator.getEnumerator]"  nsresult: "0x8000ffff (NS_ERROR_UNEXPECTED)"  location: "JS frame :: chrome://remote/content/cdp/observers/TargetObserver.jsm :: stop :: line 64"  data: no] Stack trace: stop()@TargetObserver.jsm:64
unwatchForTabs()@TargetList.jsm:70
unwatchForTargets()@TargetList.jsm:37
destructor()@TargetList.jsm:109
close()@RemoteAgent.jsm:136
]]></system-err>
</testsuite>
