<?xml version="1.0" encoding="UTF-8"?>
<testsuite name="en.stqa.pft.addressbook.tests.GroupCreationTest" tests="1" skipped="0" failures="0" errors="0" timestamp="2021-06-06T12:53:43" hostname="10C00254.local" time="0.757">
  <properties/>
  <testcase name="testGroupCreation" classname="en.stqa.pft.addressbook.tests.GroupCreationTest" time="0.757"/>
  <system-out><![CDATA[]]></system-out>
  <system-err><![CDATA[Starting ChromeDriver 91.0.4472.19 (1bf021f248676a0b2ab3ee0561d83a59e424c23e-refs/branch-heads/4472@{#288}) on port 25615
Only local connections are allowed.
Please see https://chromedriver.chromium.org/security-considerations for suggestions on keeping ChromeDriver safe.
ChromeDriver was started successfully.
]]></system-err>
</testsuite>
