<?xml version="1.0" encoding="UTF-8"?>
<testsuite name="en.stqa.pft.sandbox.tests.ContactCreation" tests="1" skipped="0" failures="1" errors="0" timestamp="2021-06-06T13:39:12" hostname="10C00254.local" time="0.063">
  <properties/>
  <testcase name="testContactCreation" classname="en.stqa.pft.sandbox.tests.ContactCreation" time="0.063">
    <failure message="org.openqa.selenium.NoSuchFrameException: &#10;Build info: version: '3.141.59', revision: 'e82be7d358', time: '2018-11-14T08:17:03'&#10;System info: host: '10C00254.local', ip: 'fe80:0:0:0:b0:4743:6ff1:ab6%en0', os.name: 'Mac OS X', os.arch: 'x86_64', os.version: '11.3', java.version: '16.0.1'&#10;Driver info: org.openqa.selenium.safari.SafariDriver&#10;Capabilities {acceptInsecureCerts: false, browserName: Safari, browserVersion: 14.1, javascriptEnabled: true, platform: MAC, platformName: MAC, safari:automaticInspection: false, safari:automaticProfiling: false, safari:diagnose: false, safari:platformBuildVersion: 20E241, safari:platformVersion: 11.3.1, safari:useSimulator: false, setWindowRect: true, strictFileInteractability: false, webkit:WebRTC: {DisableICECandidateFiltering: false, DisableInsecureMediaCapture: false}}&#10;Session ID: 4D4BC7A6-A955-4630-9745-A8061B9A3B00&#10;*** Element info: {Using=link text, value=add new}" type="org.openqa.selenium.NoSuchFrameException">org.openqa.selenium.NoSuchFrameException: 
Build info: version: '3.141.59', revision: 'e82be7d358', time: '2018-11-14T08:17:03'
System info: host: '10C00254.local', ip: 'fe80:0:0:0:b0:4743:6ff1:ab6%en0', os.name: 'Mac OS X', os.arch: 'x86_64', os.version: '11.3', java.version: '16.0.1'
Driver info: org.openqa.selenium.safari.SafariDriver
Capabilities {acceptInsecureCerts: false, browserName: Safari, browserVersion: 14.1, javascriptEnabled: true, platform: MAC, platformName: MAC, safari:automaticInspection: false, safari:automaticProfiling: false, safari:diagnose: false, safari:platformBuildVersion: 20E241, safari:platformVersion: 11.3.1, safari:useSimulator: false, setWindowRect: true, strictFileInteractability: false, webkit:WebRTC: {DisableICECandidateFiltering: false, DisableInsecureMediaCapture: false}}
Session ID: 4D4BC7A6-A955-4630-9745-A8061B9A3B00
*** Element info: {Using=link text, value=add new}
	at java.base/jdk.internal.reflect.NativeConstructorAccessorImpl.newInstance0(Native Method)
	at java.base/jdk.internal.reflect.NativeConstructorAccessorImpl.newInstance(NativeConstructorAccessorImpl.java:78)
	at java.base/jdk.internal.reflect.DelegatingConstructorAccessorImpl.newInstance(DelegatingConstructorAccessorImpl.java:45)
	at java.base/java.lang.reflect.Constructor.newInstanceWithCaller(Constructor.java:499)
	at java.base/java.lang.reflect.Constructor.newInstance(Constructor.java:480)
	at org.openqa.selenium.remote.http.W3CHttpResponseCodec.createException(W3CHttpResponseCodec.java:187)
	at org.openqa.selenium.remote.http.W3CHttpResponseCodec.decode(W3CHttpResponseCodec.java:122)
	at org.openqa.selenium.remote.http.W3CHttpResponseCodec.decode(W3CHttpResponseCodec.java:49)
	at org.openqa.selenium.remote.HttpCommandExecutor.execute(HttpCommandExecutor.java:158)
	at org.openqa.selenium.remote.service.DriverCommandExecutor.execute(DriverCommandExecutor.java:83)
	at org.openqa.selenium.remote.RemoteWebDriver.execute(RemoteWebDriver.java:552)
	at org.openqa.selenium.remote.RemoteWebDriver.findElement(RemoteWebDriver.java:323)
	at org.openqa.selenium.remote.RemoteWebDriver.findElementByLinkText(RemoteWebDriver.java:380)
	at org.openqa.selenium.By$ByLinkText.findElement(By.java:220)
	at org.openqa.selenium.remote.RemoteWebDriver.findElement(RemoteWebDriver.java:315)
	at en.stqa.pft.sandbox.appmanager.HelperBase.click(HelperBase.java:16)
	at en.stqa.pft.sandbox.appmanager.NavigationHelper.gotoContactPage(NavigationHelper.java:17)
	at en.stqa.pft.sandbox.tests.ContactCreation.testContactCreation(ContactCreation.java:10)
	at java.base/jdk.internal.reflect.NativeMethodAccessorImpl.invoke0(Native Method)
	at java.base/jdk.internal.reflect.NativeMethodAccessorImpl.invoke(NativeMethodAccessorImpl.java:78)
	at java.base/jdk.internal.reflect.DelegatingMethodAccessorImpl.invoke(DelegatingMethodAccessorImpl.java:43)
	at java.base/java.lang.reflect.Method.invoke(Method.java:567)
	at org.testng.internal.MethodInvocationHelper.invokeMethod(MethodInvocationHelper.java:133)
	at org.testng.internal.TestInvoker.invokeMethod(TestInvoker.java:598)
	at org.testng.internal.TestInvoker.invokeTestMethod(TestInvoker.java:173)
	at org.testng.internal.MethodRunner.runInSequence(MethodRunner.java:46)
	at org.testng.internal.TestInvoker$MethodInvocationAgent.invoke(TestInvoker.java:824)
	at org.testng.internal.TestInvoker.invokeTestMethods(TestInvoker.java:146)
	at org.testng.internal.TestMethodWorker.invokeTestMethods(TestMethodWorker.java:146)
	at org.testng.internal.TestMethodWorker.run(TestMethodWorker.java:128)
	at java.base/java.util.ArrayList.forEach(ArrayList.java:1511)
	at org.testng.TestRunner.privateRun(TestRunner.java:794)
	at org.testng.TestRunner.run(TestRunner.java:596)
	at org.testng.SuiteRunner.runTest(SuiteRunner.java:377)
	at org.testng.SuiteRunner.runSequentially(SuiteRunner.java:371)
	at org.testng.SuiteRunner.privateRun(SuiteRunner.java:332)
	at org.testng.SuiteRunner.run(SuiteRunner.java:276)
	at org.testng.SuiteRunnerWorker.runSuite(SuiteRunnerWorker.java:53)
	at org.testng.SuiteRunnerWorker.run(SuiteRunnerWorker.java:96)
	at org.testng.TestNG.runSuitesSequentially(TestNG.java:1212)
	at org.testng.TestNG.runSuitesLocally(TestNG.java:1134)
	at org.testng.TestNG.runSuites(TestNG.java:1063)
	at org.testng.TestNG.run(TestNG.java:1031)
	at org.gradle.api.internal.tasks.testing.testng.TestNGTestClassProcessor.runTests(TestNGTestClassProcessor.java:141)
	at org.gradle.api.internal.tasks.testing.testng.TestNGTestClassProcessor.stop(TestNGTestClassProcessor.java:90)
	at org.gradle.api.internal.tasks.testing.SuiteTestClassProcessor.stop(SuiteTestClassProcessor.java:61)
	at java.base/jdk.internal.reflect.NativeMethodAccessorImpl.invoke0(Native Method)
	at java.base/jdk.internal.reflect.NativeMethodAccessorImpl.invoke(NativeMethodAccessorImpl.java:78)
	at java.base/jdk.internal.reflect.DelegatingMethodAccessorImpl.invoke(DelegatingMethodAccessorImpl.java:43)
	at java.base/java.lang.reflect.Method.invoke(Method.java:567)
	at org.gradle.internal.dispatch.ReflectionDispatch.dispatch(ReflectionDispatch.java:36)
	at org.gradle.internal.dispatch.ReflectionDispatch.dispatch(ReflectionDispatch.java:24)
	at org.gradle.internal.dispatch.ContextClassLoaderDispatch.dispatch(ContextClassLoaderDispatch.java:33)
	at org.gradle.internal.dispatch.ProxyDispatchAdapter$DispatchingInvocationHandler.invoke(ProxyDispatchAdapter.java:94)
	at jdk.proxy1/jdk.proxy1.$Proxy2.stop(Unknown Source)
	at org.gradle.api.internal.tasks.testing.worker.TestWorker.stop(TestWorker.java:135)
	at java.base/jdk.internal.reflect.NativeMethodAccessorImpl.invoke0(Native Method)
	at java.base/jdk.internal.reflect.NativeMethodAccessorImpl.invoke(NativeMethodAccessorImpl.java:78)
	at java.base/jdk.internal.reflect.DelegatingMethodAccessorImpl.invoke(DelegatingMethodAccessorImpl.java:43)
	at java.base/java.lang.reflect.Method.invoke(Method.java:567)
	at org.gradle.internal.dispatch.ReflectionDispatch.dispatch(ReflectionDispatch.java:36)
	at org.gradle.internal.dispatch.ReflectionDispatch.dispatch(ReflectionDispatch.java:24)
	at org.gradle.internal.remote.internal.hub.MessageHubBackedObjectConnection$DispatchWrapper.dispatch(MessageHubBackedObjectConnection.java:182)
	at org.gradle.internal.remote.internal.hub.MessageHubBackedObjectConnection$DispatchWrapper.dispatch(MessageHubBackedObjectConnection.java:164)
	at org.gradle.internal.remote.internal.hub.MessageHub$Handler.run(MessageHub.java:414)
	at org.gradle.internal.concurrent.ExecutorPolicy$CatchAndRecordFailures.onExecute(ExecutorPolicy.java:64)
	at org.gradle.internal.concurrent.ManagedExecutorImpl$1.run(ManagedExecutorImpl.java:48)
	at java.base/java.util.concurrent.ThreadPoolExecutor.runWorker(ThreadPoolExecutor.java:1130)
	at java.base/java.util.concurrent.ThreadPoolExecutor$Worker.run(ThreadPoolExecutor.java:630)
	at org.gradle.internal.concurrent.ThreadFactoryImpl$ManagedThreadRunnable.run(ThreadFactoryImpl.java:56)
	at java.base/java.lang.Thread.run(Thread.java:831)
</failure>
  </testcase>
  <system-out><![CDATA[]]></system-out>
  <system-err><![CDATA[Jun 06, 2021 3:39:11 PM org.openqa.selenium.remote.ProtocolHandshake createSession
INFO: Detected dialect: W3C
]]></system-err>
</testsuite>
