<?xml version="1.0" encoding="UTF-8"?>
<testsuite name="en.stqa.pft.addressbook.tests.GroupModificationTests" tests="1" skipped="0" failures="0" errors="0" timestamp="2021-06-01T16:25:02" hostname="10C00254.local" time="1.3">
  <properties/>
  <testcase name="testGroupModification" classname="en.stqa.pft.addressbook.tests.GroupModificationTests" time="1.3"/>
  <system-out><![CDATA[]]></system-out>
  <system-err><![CDATA[SLF4J: Failed to load class "org.slf4j.impl.StaticLoggerBinder".
SLF4J: Defaulting to no-operation (NOP) logger implementation
SLF4J: See http://www.slf4j.org/codes.html#StaticLoggerBinder for further details.
1622564698486	geckodriver	INFO	Listening on 127.0.0.1:11791
1622564698852	mozrunner::runner	INFO	Running command: "/Applications/Firefox.app/Contents/MacOS/firefox-bin" "--marionette" "--remote-debugging-port" "0" "-foreground" "-no-remote" "-profile" "/var/folders/7g/0bg7rp_d0k15pkfnvknzjljw0000gp/T/rust_mozprofilen555TY"
1622564699278	Marionette	INFO	Marionette enabled
2021-06-01 18:25:00.281 firefox-bin[3207:35912] Warning: Expected min height of view: (<NSButton: 0x135713000>) to be less than or equal to 30 but got a height of 32.000000. This error will be logged once per view in violation.
2021-06-01 18:25:00.281 firefox-bin[3207:35912] Warning: Expected min height of view: (<NSButton: 0x14109b400>) to be less than or equal to 30 but got a height of 32.000000. This error will be logged once per view in violation.
2021-06-01 18:25:00.282 firefox-bin[3207:35912] Warning: Expected min height of view: (<NSButton: 0x14109ec00>) to be less than or equal to 30 but got a height of 32.000000. This error will be logged once per view in violation.
2021-06-01 18:25:00.283 firefox-bin[3207:35912] Warning: Expected min height of view: (<NSButton: 0x1410a0000>) to be less than or equal to 30 but got a height of 32.000000. This error will be logged once per view in violation.
2021-06-01 18:25:00.283 firefox-bin[3207:35912] Warning: Expected min height of view: (<NSButton: 0x14109a800>) to be less than or equal to 30 but got a height of 32.000000. This error will be logged once per view in violation.
2021-06-01 18:25:00.284 firefox-bin[3207:35912] Warning: Expected min height of view: (<NSPopoverTouchBarItemButton: 0x1410a0400>) to be less than or equal to 30 but got a height of 32.000000. This error will be logged once per view in violation.
2021-06-01 18:25:00.284 firefox-bin[3207:35912] Warning: Expected min height of view: (<NSPopoverTouchBarItemButton: 0x1413cc000>) to be less than or equal to 30 but got a height of 32.000000. This error will be logged once per view in violation.
console.warn: SearchSettings: "get: No settings file exists, new profile?" (new Error("", "(unknown module)"))
DevTools listening on ws://localhost:51179/devtools/browser/fa6a0e83-a573-344f-b8a1-f6e53296603f
1622564701252	Marionette	INFO	Listening on port 51148
1622564701309	Marionette	WARN	TLS certificate errors will be ignored for this session
Jun 01, 2021 6:25:01 PM org.openqa.selenium.remote.ProtocolHandshake createSession
INFO: Detected dialect: W3C
1622564703382	Marionette	INFO	Stopped listening on port 51148
!!! error running onStopped callback: TypeError: callback is not a function

###!!! [Parent][RunMessage] Error: Channel closing: too late to send/recv, messages will be lost

1622564704210	RemoteAgent	ERROR	unable to stop listener: [Exception... "Component returned failure code: 0x8000ffff (NS_ERROR_UNEXPECTED) [nsIWindowMediator.getEnumerator]"  nsresult: "0x8000ffff (NS_ERROR_UNEXPECTED)"  location: "JS frame :: chrome://remote/content/cdp/observers/TargetObserver.jsm :: stop :: line 64"  data: no] Stack trace: stop()@TargetObserver.jsm:64
unwatchForTabs()@TargetList.jsm:70
unwatchForTargets()@TargetList.jsm:37
destructor()@TargetList.jsm:109
close()@RemoteAgent.jsm:136
]]></system-err>
</testsuite>
