<?xml version="1.0" encoding="UTF-8"?>
<testsuite name="en.stqa.pft.sandbox.tests.ContactModificationTests" tests="1" skipped="0" failures="0" errors="0" timestamp="2021-06-07T08:53:05" hostname="10C00254.local" time="2.386">
  <properties/>
  <testcase name="testContactModification" classname="en.stqa.pft.sandbox.tests.ContactModificationTests" time="2.386"/>
  <system-out><![CDATA[]]></system-out>
  <system-err><![CDATA[1623055983124	geckodriver	INFO	Listening on 127.0.0.1:4376
1623055983238	mozrunner::runner	INFO	Running command: "/Applications/Firefox.app/Contents/MacOS/firefox-bin" "--marionette" "-foreground" "-no-remote" "-profile" "/var/folders/7g/0bg7rp_d0k15pkfnvknzjljw0000gp/T/rust_mozprofileAvcUCK"
1623055983603	Marionette	INFO	Marionette enabled
2021-06-07 10:53:04.206 firefox-bin[25726:430227] Warning: Expected min height of view: (<NSButton: 0x12215e400>) to be less than or equal to 30 but got a height of 32.000000. This error will be logged once per view in violation.
2021-06-07 10:53:04.207 firefox-bin[25726:430227] Warning: Expected min height of view: (<NSButton: 0x12f2dc400>) to be less than or equal to 30 but got a height of 32.000000. This error will be logged once per view in violation.
2021-06-07 10:53:04.207 firefox-bin[25726:430227] Warning: Expected min height of view: (<NSButton: 0x12f2dd800>) to be less than or equal to 30 but got a height of 32.000000. This error will be logged once per view in violation.
2021-06-07 10:53:04.208 firefox-bin[25726:430227] Warning: Expected min height of view: (<NSButton: 0x12f2de400>) to be less than or equal to 30 but got a height of 32.000000. This error will be logged once per view in violation.
2021-06-07 10:53:04.208 firefox-bin[25726:430227] Warning: Expected min height of view: (<NSButton: 0x12f2df400>) to be less than or equal to 30 but got a height of 32.000000. This error will be logged once per view in violation.
2021-06-07 10:53:04.209 firefox-bin[25726:430227] Warning: Expected min height of view: (<NSPopoverTouchBarItemButton: 0x12f2e1000>) to be less than or equal to 30 but got a height of 32.000000. This error will be logged once per view in violation.
2021-06-07 10:53:04.210 firefox-bin[25726:430227] Warning: Expected min height of view: (<NSPopoverTouchBarItemButton: 0x12f531800>) to be less than or equal to 30 but got a height of 32.000000. This error will be logged once per view in violation.
console.warn: SearchSettings: "get: No settings file exists, new profile?" (new NotFoundError("Could not open the file at /var/folders/7g/0bg7rp_d0k15pkfnvknzjljw0000gp/T/rust_mozprofileAvcUCK/search.json.mozlz4", (void 0)))
1623055985127	Marionette	INFO	Listening on port 58986
1623055985198	Marionette	WARN	TLS certificate errors will be ignored for this session
Jun 07, 2021 10:53:05 AM org.openqa.selenium.remote.ProtocolHandshake createSession
INFO: Detected dialect: W3C
1623055988356	Marionette	INFO	Stopped listening on port 58986

###!!! [Parent][RunMessage] Error: Channel closing: too late to send/recv, messages will be lost

]]></system-err>
</testsuite>
