<?xml version="1.0" encoding="UTF-8"?>
<testsuite name="en.stqa.pft.sandbox.tests.GroupCreationTest" tests="1" skipped="0" failures="0" errors="0" timestamp="2021-06-23T14:10:52" hostname="10C00254.local" time="1.196">
  <properties/>
  <testcase name="testGroupCreation" classname="en.stqa.pft.sandbox.tests.GroupCreationTest" time="1.196"/>
  <system-out><![CDATA[]]></system-out>
  <system-err><![CDATA[]]></system-err>
</testsuite>
