<?xml version="1.0" encoding="UTF-8"?>
<testsuite name="en.stqa.pft.sandbox.tests.GroupModificationTests" tests="1" skipped="0" failures="0" errors="0" timestamp="2021-06-23T14:10:54" hostname="10C00254.local" time="1.325">
  <properties/>
  <testcase name="testGroupModification" classname="en.stqa.pft.sandbox.tests.GroupModificationTests" time="1.325"/>
  <system-out><![CDATA[]]></system-out>
  <system-err><![CDATA[]]></system-err>
</testsuite>
