<?xml version="1.0" encoding="UTF-8"?>
<testsuite name="en.stqa.pft.sandbox.tests.GroupModificationTests" tests="1" skipped="0" failures="0" errors="0" timestamp="2021-06-10T15:03:10" hostname="10C00254.local" time="1.353">
  <properties/>
  <testcase name="testGroupModification" classname="en.stqa.pft.sandbox.tests.GroupModificationTests" time="1.353"/>
  <system-out><![CDATA[]]></system-out>
  <system-err><![CDATA[Starting ChromeDriver 91.0.4472.19 (1bf021f248676a0b2ab3ee0561d83a59e424c23e-refs/branch-heads/4472@{#288}) on port 35514
Only local connections are allowed.
Please see https://chromedriver.chromium.org/security-considerations for suggestions on keeping ChromeDriver safe.
ChromeDriver was started successfully.
Jun 10, 2021 5:03:09 PM org.openqa.selenium.remote.ProtocolHandshake createSession
INFO: Detected dialect: W3C
]]></system-err>
</testsuite>
