<?xml version="1.0" encoding="UTF-8"?>
<testsuite name="en.stqa.pft.addressbook.tests.GroupCreationTest" tests="1" skipped="0" failures="0" errors="0" timestamp="2021-05-31T15:29:17" hostname="10C00254.local" time="1.06">
  <properties/>
  <testcase name="testGroupCreation" classname="en.stqa.pft.addressbook.tests.GroupCreationTest" time="1.06"/>
  <system-out><![CDATA[]]></system-out>
  <system-err><![CDATA[SLF4J: Failed to load class "org.slf4j.impl.StaticLoggerBinder".
SLF4J: Defaulting to no-operation (NOP) logger implementation
SLF4J: See http://www.slf4j.org/codes.html#StaticLoggerBinder for further details.
1622474953541	geckodriver	INFO	Listening on 127.0.0.1:7052
1622474953749	mozrunner::runner	INFO	Running command: "/Applications/Firefox.app/Contents/MacOS/firefox-bin" "--marionette" "--remote-debugging-port" "0" "-foreground" "-no-remote" "-profile" "/var/folders/7g/0bg7rp_d0k15pkfnvknzjljw0000gp/T/rust_mozprofilePIcQDn"
1622474954243	Marionette	INFO	Marionette enabled
2021-05-31 17:29:15.280 firefox-bin[10532:253362] Warning: Expected min height of view: (<NSButton: 0x12e26ac00>) to be less than or equal to 30 but got a height of 32.000000. This error will be logged once per view in violation.
2021-05-31 17:29:15.281 firefox-bin[10532:253362] Warning: Expected min height of view: (<NSButton: 0x13a2a2400>) to be less than or equal to 30 but got a height of 32.000000. This error will be logged once per view in violation.
2021-05-31 17:29:15.281 firefox-bin[10532:253362] Warning: Expected min height of view: (<NSButton: 0x13a2a3400>) to be less than or equal to 30 but got a height of 32.000000. This error will be logged once per view in violation.
2021-05-31 17:29:15.282 firefox-bin[10532:253362] Warning: Expected min height of view: (<NSButton: 0x13a2a1800>) to be less than or equal to 30 but got a height of 32.000000. This error will be logged once per view in violation.
2021-05-31 17:29:15.282 firefox-bin[10532:253362] Warning: Expected min height of view: (<NSButton: 0x13a2a0000>) to be less than or equal to 30 but got a height of 32.000000. This error will be logged once per view in violation.
2021-05-31 17:29:15.283 firefox-bin[10532:253362] Warning: Expected min height of view: (<NSPopoverTouchBarItemButton: 0x13a2a3c00>) to be less than or equal to 30 but got a height of 32.000000. This error will be logged once per view in violation.
2021-05-31 17:29:15.283 firefox-bin[10532:253362] Warning: Expected min height of view: (<NSPopoverTouchBarItemButton: 0x13a5cd400>) to be less than or equal to 30 but got a height of 32.000000. This error will be logged once per view in violation.
console.warn: SearchSettings: "get: No settings file exists, new profile?" (new Error("", "(unknown module)"))
DevTools listening on ws://localhost:56737/devtools/browser/f0094f61-7ea0-b741-9d44-15759f7b58c0
1622474956262	Marionette	INFO	Listening on port 56702
1622474956320	Marionette	WARN	TLS certificate errors will be ignored for this session
May 31, 2021 5:29:16 PM org.openqa.selenium.remote.ProtocolHandshake createSession
INFO: Detected dialect: W3C
1622474958182	Marionette	INFO	Stopped listening on port 56702
!!! error running onStopped callback: TypeError: callback is not a function

###!!! [Parent][RunMessage] Error: Channel closing: too late to send/recv, messages will be lost

1622474958529	RemoteAgent	ERROR	unable to stop listener: [Exception... "Component returned failure code: 0x8000ffff (NS_ERROR_UNEXPECTED) [nsIWindowMediator.getEnumerator]"  nsresult: "0x8000ffff (NS_ERROR_UNEXPECTED)"  location: "JS frame :: chrome://remote/content/cdp/observers/TargetObserver.jsm :: stop :: line 64"  data: no] Stack trace: stop()@TargetObserver.jsm:64
unwatchForTabs()@TargetList.jsm:70
unwatchForTargets()@TargetList.jsm:37
destructor()@TargetList.jsm:109
close()@RemoteAgent.jsm:136
]]></system-err>
</testsuite>
