<?xml version="1.0" encoding="UTF-8"?>
<testsuite name="en.stqa.pft.addressbook.GroupCreationTest" tests="1" skipped="0" failures="0" errors="0" timestamp="2021-05-28T12:08:38" hostname="10C00254.local" time="1.088">
  <properties/>
  <testcase name="testGroupCreation" classname="en.stqa.pft.addressbook.GroupCreationTest" time="1.088"/>
  <system-out><![CDATA[]]></system-out>
  <system-err><![CDATA[SLF4J: Failed to load class "org.slf4j.impl.StaticLoggerBinder".
SLF4J: Defaulting to no-operation (NOP) logger implementation
SLF4J: See http://www.slf4j.org/codes.html#StaticLoggerBinder for further details.
1622203714733	geckodriver	INFO	Listening on 127.0.0.1:15956
1622203715133	mozrunner::runner	INFO	Running command: "/Applications/Firefox.app/Contents/MacOS/firefox-bin" "--marionette" "--remote-debugging-port" "0" "-foreground" "-no-remote" "-profile" "/var/folders/7g/0bg7rp_d0k15pkfnvknzjljw0000gp/T/rust_mozprofileRxWyhF"
1622203715663	Marionette	INFO	Marionette enabled
2021-05-28 14:08:36.723 firefox-bin[11550:191126] Warning: Expected min height of view: (<NSButton: 0x1296b6c00>) to be less than or equal to 30 but got a height of 32.000000. This error will be logged once per view in violation.
2021-05-28 14:08:36.723 firefox-bin[11550:191126] Warning: Expected min height of view: (<NSButton: 0x134f11800>) to be less than or equal to 30 but got a height of 32.000000. This error will be logged once per view in violation.
2021-05-28 14:08:36.724 firefox-bin[11550:191126] Warning: Expected min height of view: (<NSButton: 0x134f0e400>) to be less than or equal to 30 but got a height of 32.000000. This error will be logged once per view in violation.
2021-05-28 14:08:36.725 firefox-bin[11550:191126] Warning: Expected min height of view: (<NSButton: 0x134f0f800>) to be less than or equal to 30 but got a height of 32.000000. This error will be logged once per view in violation.
2021-05-28 14:08:36.725 firefox-bin[11550:191126] Warning: Expected min height of view: (<NSButton: 0x134f14000>) to be less than or equal to 30 but got a height of 32.000000. This error will be logged once per view in violation.
2021-05-28 14:08:36.726 firefox-bin[11550:191126] Warning: Expected min height of view: (<NSPopoverTouchBarItemButton: 0x134f15c00>) to be less than or equal to 30 but got a height of 32.000000. This error will be logged once per view in violation.
2021-05-28 14:08:36.726 firefox-bin[11550:191126] Warning: Expected min height of view: (<NSPopoverTouchBarItemButton: 0x135236000>) to be less than or equal to 30 but got a height of 32.000000. This error will be logged once per view in violation.
console.warn: SearchSettings: "get: No settings file exists, new profile?" (new Error("", "(unknown module)"))
DevTools listening on ws://localhost:63993/devtools/browser/3c18b001-99c6-3d49-bc8b-c13e481652ff
1622203717761	Marionette	INFO	Listening on port 63958
1622203717824	Marionette	WARN	TLS certificate errors will be ignored for this session
May 28, 2021 2:08:37 PM org.openqa.selenium.remote.ProtocolHandshake createSession
INFO: Detected dialect: W3C
1622203719522	Marionette	INFO	Stopped listening on port 63958
!!! error running onStopped callback: TypeError: callback is not a function

###!!! [Parent][RunMessage] Error: Channel closing: too late to send/recv, messages will be lost

1622203719879	RemoteAgent	ERROR	unable to stop listener: [Exception... "Component returned failure code: 0x8000ffff (NS_ERROR_UNEXPECTED) [nsIWindowMediator.getEnumerator]"  nsresult: "0x8000ffff (NS_ERROR_UNEXPECTED)"  location: "JS frame :: chrome://remote/content/cdp/observers/TargetObserver.jsm :: stop :: line 64"  data: no] Stack trace: stop()@TargetObserver.jsm:64
unwatchForTabs()@TargetList.jsm:70
unwatchForTargets()@TargetList.jsm:37
destructor()@TargetList.jsm:109
close()@RemoteAgent.jsm:136
]]></system-err>
</testsuite>
