<?xml version="1.0" encoding="UTF-8"?>
<testsuite name="en.stqa.pft.sandbox.tests.GroupDeletionTests" tests="1" skipped="0" failures="0" errors="0" timestamp="2021-06-23T14:10:53" hostname="10C00254.local" time="0.729">
  <properties/>
  <testcase name="testGroupDeletion" classname="en.stqa.pft.sandbox.tests.GroupDeletionTests" time="0.729"/>
  <system-out><![CDATA[]]></system-out>
  <system-err><![CDATA[]]></system-err>
</testsuite>
