<?xml version="1.0" encoding="UTF-8"?>
<testsuite name="en.stqa.pft.addressbook.ContactCreation" tests="1" skipped="0" failures="0" errors="0" timestamp="2021-05-28T14:11:37" hostname="10C00254.local" time="2.192">
  <properties/>
  <testcase name="testContactCreation" classname="en.stqa.pft.addressbook.ContactCreation" time="2.192"/>
  <system-out><![CDATA[]]></system-out>
  <system-err><![CDATA[SLF4J: Failed to load class "org.slf4j.impl.StaticLoggerBinder".
SLF4J: Defaulting to no-operation (NOP) logger implementation
SLF4J: See http://www.slf4j.org/codes.html#StaticLoggerBinder for further details.
1622211094419	geckodriver	INFO	Listening on 127.0.0.1:7463
1622211094841	mozrunner::runner	INFO	Running command: "/Applications/Firefox.app/Contents/MacOS/firefox-bin" "--marionette" "--remote-debugging-port" "0" "-foreground" "-no-remote" "-profile" "/var/folders/7g/0bg7rp_d0k15pkfnvknzjljw0000gp/T/rust_mozprofilegQIBHm"
1622211095292	Marionette	INFO	Marionette enabled
2021-05-28 16:11:36.299 firefox-bin[18761:269183] Warning: Expected min height of view: (<NSButton: 0x12b180800>) to be less than or equal to 30 but got a height of 32.000000. This error will be logged once per view in violation.
2021-05-28 16:11:36.299 firefox-bin[18761:269183] Warning: Expected min height of view: (<NSButton: 0x136898000>) to be less than or equal to 30 but got a height of 32.000000. This error will be logged once per view in violation.
2021-05-28 16:11:36.300 firefox-bin[18761:269183] Warning: Expected min height of view: (<NSButton: 0x13689b800>) to be less than or equal to 30 but got a height of 32.000000. This error will be logged once per view in violation.
2021-05-28 16:11:36.301 firefox-bin[18761:269183] Warning: Expected min height of view: (<NSButton: 0x13689dc00>) to be less than or equal to 30 but got a height of 32.000000. This error will be logged once per view in violation.
2021-05-28 16:11:36.301 firefox-bin[18761:269183] Warning: Expected min height of view: (<NSButton: 0x13689c000>) to be less than or equal to 30 but got a height of 32.000000. This error will be logged once per view in violation.
2021-05-28 16:11:36.302 firefox-bin[18761:269183] Warning: Expected min height of view: (<NSPopoverTouchBarItemButton: 0x136896800>) to be less than or equal to 30 but got a height of 32.000000. This error will be logged once per view in violation.
2021-05-28 16:11:36.302 firefox-bin[18761:269183] Warning: Expected min height of view: (<NSPopoverTouchBarItemButton: 0x136bd0000>) to be less than or equal to 30 but got a height of 32.000000. This error will be logged once per view in violation.
console.warn: SearchSettings: "get: No settings file exists, new profile?" (new Error("", "(unknown module)"))
DevTools listening on ws://localhost:53701/devtools/browser/f723569a-3d7a-5a43-bb2d-2fecc483d220
1622211097237	Marionette	INFO	Listening on port 53667
1622211097324	Marionette	WARN	TLS certificate errors will be ignored for this session
May 28, 2021 4:11:37 PM org.openqa.selenium.remote.ProtocolHandshake createSession
INFO: Detected dialect: W3C
]]></system-err>
</testsuite>
