<?xml version="1.0" encoding="UTF-8"?>
<testsuite name="en.stqa.pft.addressbook.GroupDeletion" tests="1" skipped="0" failures="0" errors="0" timestamp="2021-05-30T15:44:09" hostname="10C00254.local" time="0.502">
  <properties/>
  <testcase name="testGroupDeletion" classname="en.stqa.pft.addressbook.GroupDeletion" time="0.502"/>
  <system-out><![CDATA[]]></system-out>
  <system-err><![CDATA[SLF4J: Failed to load class "org.slf4j.impl.StaticLoggerBinder".
SLF4J: Defaulting to no-operation (NOP) logger implementation
SLF4J: See http://www.slf4j.org/codes.html#StaticLoggerBinder for further details.
1622389446339	geckodriver	INFO	Listening on 127.0.0.1:23198
1622389446714	mozrunner::runner	INFO	Running command: "/Applications/Firefox.app/Contents/MacOS/firefox-bin" "--marionette" "--remote-debugging-port" "0" "-foreground" "-no-remote" "-profile" "/var/folders/7g/0bg7rp_d0k15pkfnvknzjljw0000gp/T/rust_mozprofileViTD3c"
1622389447186	Marionette	INFO	Marionette enabled
2021-05-30 17:44:08.149 firefox-bin[2841:33582] Warning: Expected min height of view: (<NSButton: 0x12ac41000>) to be less than or equal to 30 but got a height of 32.000000. This error will be logged once per view in violation.
2021-05-30 17:44:08.150 firefox-bin[2841:33582] Warning: Expected min height of view: (<NSButton: 0x137d34400>) to be less than or equal to 30 but got a height of 32.000000. This error will be logged once per view in violation.
2021-05-30 17:44:08.151 firefox-bin[2841:33582] Warning: Expected min height of view: (<NSButton: 0x137d3c800>) to be less than or equal to 30 but got a height of 32.000000. This error will be logged once per view in violation.
2021-05-30 17:44:08.151 firefox-bin[2841:33582] Warning: Expected min height of view: (<NSButton: 0x137d38400>) to be less than or equal to 30 but got a height of 32.000000. This error will be logged once per view in violation.
2021-05-30 17:44:08.152 firefox-bin[2841:33582] Warning: Expected min height of view: (<NSButton: 0x12acae800>) to be less than or equal to 30 but got a height of 32.000000. This error will be logged once per view in violation.
2021-05-30 17:44:08.152 firefox-bin[2841:33582] Warning: Expected min height of view: (<NSPopoverTouchBarItemButton: 0x137d36000>) to be less than or equal to 30 but got a height of 32.000000. This error will be logged once per view in violation.
2021-05-30 17:44:08.153 firefox-bin[2841:33582] Warning: Expected min height of view: (<NSPopoverTouchBarItemButton: 0x138080800>) to be less than or equal to 30 but got a height of 32.000000. This error will be logged once per view in violation.
console.warn: SearchSettings: "get: No settings file exists, new profile?" (new Error("", "(unknown module)"))
DevTools listening on ws://localhost:51146/devtools/browser/1e2c0792-55a8-4c46-9a41-8eb6e624833d
1622389449087	Marionette	INFO	Listening on port 51112
1622389449187	Marionette	WARN	TLS certificate errors will be ignored for this session
May 30, 2021 5:44:09 PM org.openqa.selenium.remote.ProtocolHandshake createSession
INFO: Detected dialect: W3C
1622389450303	Marionette	INFO	Stopped listening on port 51112
!!! error running onStopped callback: TypeError: callback is not a function

###!!! [Parent][RunMessage] Error: Channel closing: too late to send/recv, messages will be lost

1622389450653	RemoteAgent	ERROR	unable to stop listener: [Exception... "Component returned failure code: 0x8000ffff (NS_ERROR_UNEXPECTED) [nsIWindowMediator.getEnumerator]"  nsresult: "0x8000ffff (NS_ERROR_UNEXPECTED)"  location: "JS frame :: chrome://remote/content/cdp/observers/TargetObserver.jsm :: stop :: line 64"  data: no] Stack trace: stop()@TargetObserver.jsm:64
unwatchForTabs()@TargetList.jsm:70
unwatchForTargets()@TargetList.jsm:37
destructor()@TargetList.jsm:109
close()@RemoteAgent.jsm:136
]]></system-err>
</testsuite>
