<?xml version="1.0" encoding="UTF-8"?>
<testsuite name="en.stqa.pft.addressbook.ContactCreation" tests="1" skipped="0" failures="0" errors="0" timestamp="2021-05-28T14:43:12" hostname="10C00254.local" time="1.674">
  <properties/>
  <testcase name="tContactCreation" classname="en.stqa.pft.addressbook.ContactCreation" time="1.674"/>
  <system-out><![CDATA[]]></system-out>
  <system-err><![CDATA[SLF4J: Failed to load class "org.slf4j.impl.StaticLoggerBinder".
SLF4J: Defaulting to no-operation (NOP) logger implementation
SLF4J: See http://www.slf4j.org/codes.html#StaticLoggerBinder for further details.
1622212989267	geckodriver	INFO	Listening on 127.0.0.1:22818
1622212989640	mozrunner::runner	INFO	Running command: "/Applications/Firefox.app/Contents/MacOS/firefox-bin" "--marionette" "--remote-debugging-port" "0" "-foreground" "-no-remote" "-profile" "/var/folders/7g/0bg7rp_d0k15pkfnvknzjljw0000gp/T/rust_mozprofileUhJflI"
1622212990147	Marionette	INFO	Marionette enabled
2021-05-28 16:43:11.195 firefox-bin[20625:287831] Warning: Expected min height of view: (<NSButton: 0x132086000>) to be less than or equal to 30 but got a height of 32.000000. This error will be logged once per view in violation.
2021-05-28 16:43:11.196 firefox-bin[20625:287831] Warning: Expected min height of view: (<NSButton: 0x132088400>) to be less than or equal to 30 but got a height of 32.000000. This error will be logged once per view in violation.
2021-05-28 16:43:11.196 firefox-bin[20625:287831] Warning: Expected min height of view: (<NSButton: 0x13208b000>) to be less than or equal to 30 but got a height of 32.000000. This error will be logged once per view in violation.
2021-05-28 16:43:11.197 firefox-bin[20625:287831] Warning: Expected min height of view: (<NSButton: 0x13208c000>) to be less than or equal to 30 but got a height of 32.000000. This error will be logged once per view in violation.
2021-05-28 16:43:11.197 firefox-bin[20625:287831] Warning: Expected min height of view: (<NSButton: 0x11301fc00>) to be less than or equal to 30 but got a height of 32.000000. This error will be logged once per view in violation.
2021-05-28 16:43:11.198 firefox-bin[20625:287831] Warning: Expected min height of view: (<NSPopoverTouchBarItemButton: 0x13208c800>) to be less than or equal to 30 but got a height of 32.000000. This error will be logged once per view in violation.
2021-05-28 16:43:11.198 firefox-bin[20625:287831] Warning: Expected min height of view: (<NSPopoverTouchBarItemButton: 0x1323ca000>) to be less than or equal to 30 but got a height of 32.000000. This error will be logged once per view in violation.
console.warn: SearchSettings: "get: No settings file exists, new profile?" (new Error("", "(unknown module)"))
DevTools listening on ws://localhost:55180/devtools/browser/e73c6903-51c3-964e-aeae-e29504532b94
1622212992079	Marionette	INFO	Listening on port 55144
1622212992110	Marionette	WARN	TLS certificate errors will be ignored for this session
May 28, 2021 4:43:12 PM org.openqa.selenium.remote.ProtocolHandshake createSession
INFO: Detected dialect: W3C
1622212994464	Marionette	INFO	Stopped listening on port 55144
!!! error running onStopped callback: TypeError: callback is not a function

###!!! [Parent][RunMessage] Error: Channel closing: too late to send/recv, messages will be lost

1622212994800	RemoteAgent	ERROR	unable to stop listener: [Exception... "Component returned failure code: 0x8000ffff (NS_ERROR_UNEXPECTED) [nsIWindowMediator.getEnumerator]"  nsresult: "0x8000ffff (NS_ERROR_UNEXPECTED)"  location: "JS frame :: chrome://remote/content/cdp/observers/TargetObserver.jsm :: stop :: line 64"  data: no] Stack trace: stop()@TargetObserver.jsm:64
unwatchForTabs()@TargetList.jsm:70
unwatchForTargets()@TargetList.jsm:37
destructor()@TargetList.jsm:109
close()@RemoteAgent.jsm:136
]]></system-err>
</testsuite>
